[debug] [2024-10-15T00:46:02.558Z] ----------------------------------------------------------------------
[debug] [2024-10-15T00:46:02.560Z] Command:       C:\Program Files\nodejs\node.exe C:\Program Files\nodejs\node_modules\firebase-tools\lib\bin\firebase.js deploy
[debug] [2024-10-15T00:46:02.560Z] CLI Version:   13.22.0
[debug] [2024-10-15T00:46:02.560Z] Platform:      win32
[debug] [2024-10-15T00:46:02.560Z] Node Version:  v20.18.0
[debug] [2024-10-15T00:46:02.561Z] Time:          Mon Oct 14 2024 20:46:02 GMT-0400 (Eastern Daylight Saving Time)
[debug] [2024-10-15T00:46:02.561Z] ----------------------------------------------------------------------
[debug] 
[debug] [2024-10-15T00:46:02.641Z] > command requires scopes: ["email","openid","https://www.googleapis.com/auth/cloudplatformprojects.readonly","https://www.googleapis.com/auth/firebase","https://www.googleapis.com/auth/cloud-platform"]
[debug] [2024-10-15T00:46:02.642Z] > authorizing via signed-in user (boyazhangboi@gmail.com)
[debug] [2024-10-15T00:46:02.642Z] [iam] checking project en-cube for permissions ["firebase.projects.get","firebasehosting.sites.update"]
[debug] [2024-10-15T00:46:02.644Z] Checked if tokens are valid: true, expires at: 1728956751936
[debug] [2024-10-15T00:46:02.644Z] Checked if tokens are valid: true, expires at: 1728956751936
[debug] [2024-10-15T00:46:02.645Z] >>> [apiv2][query] POST https://cloudresourcemanager.googleapis.com/v1/projects/en-cube:testIamPermissions [none]
[debug] [2024-10-15T00:46:02.645Z] >>> [apiv2][(partial)header] POST https://cloudresourcemanager.googleapis.com/v1/projects/en-cube:testIamPermissions x-goog-quota-user=projects/en-cube
[debug] [2024-10-15T00:46:02.645Z] >>> [apiv2][body] POST https://cloudresourcemanager.googleapis.com/v1/projects/en-cube:testIamPermissions {"permissions":["firebase.projects.get","firebasehosting.sites.update"]}
[debug] [2024-10-15T00:46:03.176Z] <<< [apiv2][status] POST https://cloudresourcemanager.googleapis.com/v1/projects/en-cube:testIamPermissions 200
[debug] [2024-10-15T00:46:03.176Z] <<< [apiv2][body] POST https://cloudresourcemanager.googleapis.com/v1/projects/en-cube:testIamPermissions {}
[debug] [2024-10-15T00:46:03.176Z] [iam] error while checking permissions, command may fail: FirebaseError: Authorization failed. This account is missing the following required permissions on project en-cube:

  firebase.projects.get
  firebasehosting.sites.update
[debug] [2024-10-15T00:46:03.177Z] Checked if tokens are valid: true, expires at: 1728956751936
[debug] [2024-10-15T00:46:03.177Z] Checked if tokens are valid: true, expires at: 1728956751936
[debug] [2024-10-15T00:46:03.177Z] >>> [apiv2][query] GET https://firebase.googleapis.com/v1beta1/projects/en-cube [none]
[debug] [2024-10-15T00:46:03.518Z] <<< [apiv2][status] GET https://firebase.googleapis.com/v1beta1/projects/en-cube 403
[debug] [2024-10-15T00:46:03.518Z] <<< [apiv2][body] GET https://firebase.googleapis.com/v1beta1/projects/en-cube {"error":{"code":403,"message":"The caller does not have permission","status":"PERMISSION_DENIED"}}
[debug] [2024-10-15T00:46:03.518Z] HTTP Error: 403, The caller does not have permission
[debug] [2024-10-15T00:46:03.725Z] FirebaseError: HTTP Error: 403, The caller does not have permission
    at responseToError (C:\Users\boyaz\AppData\Roaming\nvm\v20.18.0\node_modules\firebase-tools\lib\responseToError.js:49:12)
    at RetryOperation._fn (C:\Users\boyaz\AppData\Roaming\nvm\v20.18.0\node_modules\firebase-tools\lib\apiv2.js:312:77)
    at process.processTicksAndRejections (node:internal/process/task_queues:95:5)
[error] 
[error] Error: Failed to get Firebase project en-cube. Please make sure the project exists and your account has permission to access it.
